<?xml version="1.0" encoding="UTF-8"?>
<testng-results ignored="0" total="1" passed="1" failed="0" skipped="0">
  <reporter-output>
  </reporter-output>
  <suite started-at="2023-07-22T13:12:09 IST" name="Default suite" finished-at="2023-07-22T13:12:18 IST" duration-ms="8570">
    <groups>
    </groups>
    <test started-at="2023-07-22T13:12:09 IST" name="Default test" finished-at="2023-07-22T13:12:18 IST" duration-ms="8570">
      <class name="mavenproject.Testing">
        <test-method is-config="true" signature="setup()[pri:0, instance:mavenproject.Testing@184497d1]" started-at="2023-07-22T13:12:09 IST" name="setup" finished-at="2023-07-22T13:12:14 IST" duration-ms="4661" status="PASS">
          <reporter-output>
          </reporter-output>
        </test-method> <!-- setup -->
        <test-method is-config="true" signature="get()[pri:0, instance:mavenproject.Testing@184497d1]" started-at="2023-07-22T13:12:14 IST" name="get" finished-at="2023-07-22T13:12:16 IST" duration-ms="2352" status="PASS">
          <reporter-output>
          </reporter-output>
        </test-method> <!-- get -->
        <test-method signature="run()[pri:0, instance:mavenproject.Testing@184497d1]" started-at="2023-07-22T13:12:16 IST" name="run" finished-at="2023-07-22T13:12:18 IST" duration-ms="1466" status="PASS">
          <reporter-output>
          </reporter-output>
        </test-method> <!-- run -->
      </class> <!-- mavenproject.Testing -->
    </test> <!-- Default test -->
  </suite> <!-- Default suite -->
</testng-results>
